0 info it worked if it ends with ok
1 verbose cli [ 'node',
1 verbose cli   '/usr/local/bin/npm',
1 verbose cli   'install',
1 verbose cli   'grunt-contrib-expand' ]
2 info using npm@1.4.14
3 info using node@v0.10.29
4 verbose readDependencies using package.json deps
5 verbose cache add [ 'grunt-contrib-expand', null ]
6 verbose cache add name=undefined spec="grunt-contrib-expand" args=["grunt-contrib-expand",null]
7 verbose parsed url { protocol: null,
7 verbose parsed url   slashes: null,
7 verbose parsed url   auth: null,
7 verbose parsed url   host: null,
7 verbose parsed url   port: null,
7 verbose parsed url   hostname: null,
7 verbose parsed url   hash: null,
7 verbose parsed url   search: null,
7 verbose parsed url   query: null,
7 verbose parsed url   pathname: 'grunt-contrib-expand',
7 verbose parsed url   path: 'grunt-contrib-expand',
7 verbose parsed url   href: 'grunt-contrib-expand' }
8 silly lockFile 77ec4a90-grunt-contrib-expand grunt-contrib-expand
9 verbose lock grunt-contrib-expand /Users/Jhoedy/.npm/77ec4a90-grunt-contrib-expand.lock
10 silly lockFile 77ec4a90-grunt-contrib-expand grunt-contrib-expand
11 silly lockFile 77ec4a90-grunt-contrib-expand grunt-contrib-expand
12 verbose addNamed [ 'grunt-contrib-expand', '' ]
13 verbose addNamed [ null, '*' ]
14 silly lockFile 7196b9da-grunt-contrib-expand grunt-contrib-expand@
15 verbose lock grunt-contrib-expand@ /Users/Jhoedy/.npm/7196b9da-grunt-contrib-expand.lock
16 silly addNameRange { name: 'grunt-contrib-expand', range: '*', hasData: false }
17 verbose url raw grunt-contrib-expand
18 verbose url resolving [ 'https://registry.npmjs.org/', './grunt-contrib-expand' ]
19 verbose url resolved https://registry.npmjs.org/grunt-contrib-expand
20 info trying registry request attempt 1 at 05:15:09
21 http GET https://registry.npmjs.org/grunt-contrib-expand
22 http 404 https://registry.npmjs.org/grunt-contrib-expand
23 verbose headers { date: 'Thu, 16 Apr 2015 11:53:27 GMT',
23 verbose headers   server: 'CouchDB/1.5.0 (Erlang OTP/R16B03)',
23 verbose headers   'content-type': 'application/json',
23 verbose headers   'cache-control': 'max-age=0',
23 verbose headers   'content-length': '51',
23 verbose headers   'accept-ranges': 'bytes',
23 verbose headers   via: '1.1 varnish',
23 verbose headers   age: '0',
23 verbose headers   'x-served-by': 'cache-ord1735-ORD',
23 verbose headers   'x-cache': 'MISS',
23 verbose headers   'x-cache-hits': '0',
23 verbose headers   'x-timer': 'S1429185207.271093,VS0,VE274',
23 verbose headers   'keep-alive': 'timeout=10, max=50',
23 verbose headers   connection: 'Keep-Alive' }
24 silly registry.get cb [ 404,
24 silly registry.get   { date: 'Thu, 16 Apr 2015 11:53:27 GMT',
24 silly registry.get     server: 'CouchDB/1.5.0 (Erlang OTP/R16B03)',
24 silly registry.get     'content-type': 'application/json',
24 silly registry.get     'cache-control': 'max-age=0',
24 silly registry.get     'content-length': '51',
24 silly registry.get     'accept-ranges': 'bytes',
24 silly registry.get     via: '1.1 varnish',
24 silly registry.get     age: '0',
24 silly registry.get     'x-served-by': 'cache-ord1735-ORD',
24 silly registry.get     'x-cache': 'MISS',
24 silly registry.get     'x-cache-hits': '0',
24 silly registry.get     'x-timer': 'S1429185207.271093,VS0,VE274',
24 silly registry.get     'keep-alive': 'timeout=10, max=50',
24 silly registry.get     connection: 'Keep-Alive' } ]
25 silly lockFile 7196b9da-grunt-contrib-expand grunt-contrib-expand@
26 silly lockFile 7196b9da-grunt-contrib-expand grunt-contrib-expand@
27 error 404 404 Not Found: grunt-contrib-expand
27 error 404
27 error 404 'grunt-contrib-expand' is not in the npm registry.
27 error 404 You should bug the author to publish it
27 error 404 It was specified as a dependency of 'SmartEmployer'
27 error 404
27 error 404 Note that you can also install from a
27 error 404 tarball, folder, or http url, or git url.
28 error System Darwin 14.0.0
29 error command "node" "/usr/local/bin/npm" "install" "grunt-contrib-expand"
30 error cwd /Users/Jhoedy/work/smartEmployeer/smart-appreciation/app
31 error node -v v0.10.29
32 error npm -v 1.4.14
33 error code E404
34 verbose exit [ 1, true ]
